# JRE version: Java(TM) SE Runtime Environment (8.0_241-b07) (build 1.8.0_241-b07)
# Java VM: Java HotSpot(TM) 64-Bit Server VM (25.241-b07 mixed mode windows-amd64 compressed oops)
Heap:
 PSYoungGen      total 150016K, used 132851K [0x00000000f5580000, 0x0000000100000000, 0x0000000100000000)
  eden space 124416K, 97% used [0x00000000f5580000,0x00000000fcc7d8e8,0x00000000fcf00000)
  from space 25600K, 42% used [0x00000000fe700000,0x00000000ff1bf558,0x0000000100000000)
  to   space 24576K, 0% used [0x00000000fcf00000,0x00000000fcf00000,0x00000000fe700000)
 ParOldGen       total 187904K, used 79861K [0x00000000e0000000, 0x00000000eb780000, 0x00000000f5580000)
  object space 187904K, 42% used [0x00000000e0000000,0x00000000e4dfd668,0x00000000eb780000)
 Metaspace       used 79277K, capacity 84548K, committed 84696K, reserved 1122304K
  class space    used 10727K, capacity 11945K, committed 12032K, reserved 1048576K
GC Heap History (10 events):
Event: 183.619 GC heap before
{Heap before GC invocations=13 (full 3):
 PSYoungGen      total 146432K, used 13816K [0x00000000f5580000, 0x0000000100000000, 0x0000000100000000)
  eden space 132608K, 0% used [0x00000000f5580000,0x00000000f5580000,0x00000000fd700000)
  from space 13824K, 99% used [0x00000000ff280000,0x00000000ffffe110,0x0000000100000000)
  to   space 20992K, 0% used [0x00000000fd700000,0x00000000fd700000,0x00000000feb80000)
 ParOldGen       total 175104K, used 30460K [0x00000000e0000000, 0x00000000eab00000, 0x00000000f5580000)
  object space 175104K, 17% used [0x00000000e0000000,0x00000000e1dbf0a8,0x00000000eab00000)
 Metaspace       used 56663K, capacity 59064K, committed 59096K, reserved 1099776K
  class space    used 7617K, capacity 8174K, committed 8192K, reserved 1048576K
Event: 183.934 GC heap after
Heap after GC invocations=13 (full 3):
 PSYoungGen      total 146432K, used 0K [0x00000000f5580000, 0x0000000100000000, 0x0000000100000000)
  eden space 132608K, 0% used [0x00000000f5580000,0x00000000f5580000,0x00000000fd700000)
  from space 13824K, 0% used [0x00000000ff280000,0x00000000ff280000,0x0000000100000000)
  to   space 20992K, 0% used [0x00000000fd700000,0x00000000fd700000,0x00000000feb80000)
 ParOldGen       total 187904K, used 32976K [0x00000000e0000000, 0x00000000eb780000, 0x00000000f5580000)
  object space 187904K, 17% used [0x00000000e0000000,0x00000000e20342e0,0x00000000eb780000)
 Metaspace       used 56647K, capacity 59010K, committed 59096K, reserved 1099776K
  class space    used 7612K, capacity 8165K, committed 8192K, reserved 1048576K
}
Event: 188.075 GC heap before
{Heap before GC invocations=14 (full 3):
 PSYoungGen      total 146432K, used 132608K [0x00000000f5580000, 0x0000000100000000, 0x0000000100000000)
  eden space 132608K, 100% used [0x00000000f5580000,0x00000000fd700000,0x00000000fd700000)
  from space 13824K, 0% used [0x00000000ff280000,0x00000000ff280000,0x0000000100000000)
  to   space 20992K, 0% used [0x00000000fd700000,0x00000000fd700000,0x00000000feb80000)
 ParOldGen       total 187904K, used 32976K [0x00000000e0000000, 0x00000000eb780000, 0x00000000f5580000)
  object space 187904K, 17% used [0x00000000e0000000,0x00000000e20342e0,0x00000000eb780000)
 Metaspace       used 62733K, capacity 66442K, committed 66776K, reserved 1105920K
  class space    used 8491K, capacity 9377K, committed 9472K, reserved 1048576K
Event: 188.099 GC heap after
Heap after GC invocations=14 (full 3):
 PSYoungGen      total 151552K, used 18922K [0x00000000f5580000, 0x0000000100000000, 0x0000000100000000)
  eden space 132608K, 0% used [0x00000000f5580000,0x00000000f5580000,0x00000000fd700000)
  from space 18944K, 99% used [0x00000000fd700000,0x00000000fe97aaa0,0x00000000fe980000)
  to   space 22528K, 0% used [0x00000000fea00000,0x00000000fea00000,0x0000000100000000)
 ParOldGen       total 187904K, used 33048K [0x00000000e0000000, 0x00000000eb780000, 0x00000000f5580000)
  object space 187904K, 17% used [0x00000000e0000000,0x00000000e20462f0,0x00000000eb780000)
 Metaspace       used 62733K, capacity 66442K, committed 66776K, reserved 1105920K
  class space    used 8491K, capacity 9377K, committed 9472K, reserved 1048576K
}
Event: 191.437 GC heap before
{Heap before GC invocations=15 (full 3):
 PSYoungGen      total 151552K, used 151530K [0x00000000f5580000, 0x0000000100000000, 0x0000000100000000)
  eden space 132608K, 100% used [0x00000000f5580000,0x00000000fd700000,0x00000000fd700000)
  from space 18944K, 99% used [0x00000000fd700000,0x00000000fe97aaa0,0x00000000fe980000)
  to   space 22528K, 0% used [0x00000000fea00000,0x00000000fea00000,0x0000000100000000)
 ParOldGen       total 187904K, used 33048K [0x00000000e0000000, 0x00000000eb780000, 0x00000000f5580000)
  object space 187904K, 17% used [0x00000000e0000000,0x00000000e20462f0,0x00000000eb780000)
 Metaspace       used 68209K, capacity 72474K, committed 72536K, reserved 1112064K
  class space    used 9269K, capacity 10318K, committed 10368K, reserved 1048576K
Event: 191.499 GC heap after
Heap after GC invocations=15 (full 3):
 PSYoungGen      total 148992K, used 18007K [0x00000000f5580000, 0x0000000100000000, 0x0000000100000000)
  eden space 126464K, 0% used [0x00000000f5580000,0x00000000f5580000,0x00000000fd100000)
  from space 22528K, 79% used [0x00000000fea00000,0x00000000ffb95e60,0x0000000100000000)
  to   space 24064K, 0% used [0x00000000fd100000,0x00000000fd100000,0x00000000fe880000)
 ParOldGen       total 187904K, used 48008K [0x00000000e0000000, 0x00000000eb780000, 0x00000000f5580000)
  object space 187904K, 25% used [0x00000000e0000000,0x00000000e2ee2060,0x00000000eb780000)
 Metaspace       used 68209K, capacity 72474K, committed 72536K, reserved 1112064K
  class space    used 9269K, capacity 10318K, committed 10368K, reserved 1048576K
}
Event: 194.157 GC heap before
{Heap before GC invocations=16 (full 3):
 PSYoungGen      total 148992K, used 144471K [0x00000000f5580000, 0x0000000100000000, 0x0000000100000000)
  eden space 126464K, 100% used [0x00000000f5580000,0x00000000fd100000,0x00000000fd100000)
  from space 22528K, 79% used [0x00000000fea00000,0x00000000ffb95e60,0x0000000100000000)
  to   space 24064K, 0% used [0x00000000fd100000,0x00000000fd100000,0x00000000fe880000)
 ParOldGen       total 187904K, used 48008K [0x00000000e0000000, 0x00000000eb780000, 0x00000000f5580000)
  object space 187904K, 25% used [0x00000000e0000000,0x00000000e2ee2060,0x00000000eb780000)
 Metaspace       used 70464K, capacity 75214K, committed 75480K, reserved 1114112K
  class space    used 9621K, capacity 10710K, committed 10752K, reserved 1048576K
Event: 194.203 GC heap after
Heap after GC invocations=16 (full 3):
 PSYoungGen      total 146944K, used 20081K [0x00000000f5580000, 0x0000000100000000, 0x0000000100000000)
  eden space 126464K, 0% used [0x00000000f5580000,0x00000000f5580000,0x00000000fd100000)
  from space 20480K, 98% used [0x00000000fd100000,0x00000000fe49c450,0x00000000fe500000)
  to   space 25600K, 0% used [0x00000000fe700000,0x00000000fe700000,0x0000000100000000)
 ParOldGen       total 187904K, used 61848K [0x00000000e0000000, 0x00000000eb780000, 0x00000000f5580000)
  object space 187904K, 32% used [0x00000000e0000000,0x00000000e3c66250,0x00000000eb780000)
 Metaspace       used 70464K, capacity 75214K, committed 75480K, reserved 1114112K
  class space    used 9621K, capacity 10710K, committed 10752K, reserved 1048576K
}
Event: 196.943 GC heap before
{Heap before GC invocations=17 (full 3):
 PSYoungGen      total 146944K, used 146545K [0x00000000f5580000, 0x0000000100000000, 0x0000000100000000)
  eden space 126464K, 100% used [0x00000000f5580000,0x00000000fd100000,0x00000000fd100000)
  from space 20480K, 98% used [0x00000000fd100000,0x00000000fe49c450,0x00000000fe500000)
  to   space 25600K, 0% used [0x00000000fe700000,0x00000000fe700000,0x0000000100000000)
 ParOldGen       total 187904K, used 61848K [0x00000000e0000000, 0x00000000eb780000, 0x00000000f5580000)
  object space 187904K, 32% used [0x00000000e0000000,0x00000000e3c66250,0x00000000eb780000)
 Metaspace       used 73168K, capacity 78230K, committed 78424K, reserved 1116160K
  class space    used 9958K, capacity 11100K, committed 11136K, reserved 1048576K
Event: 197.010 GC heap after
Heap after GC invocations=17 (full 3):
 PSYoungGen      total 150016K, used 11005K [0x00000000f5580000, 0x0000000100000000, 0x0000000100000000)
  eden space 124416K, 0% used [0x00000000f5580000,0x00000000f5580000,0x00000000fcf00000)
  from space 25600K, 42% used [0x00000000fe700000,0x00000000ff1bf558,0x0000000100000000)
  to   space 24576K, 0% used [0x00000000fcf00000,0x00000000fcf00000,0x00000000fe700000)
 ParOldGen       total 187904K, used 79861K [0x00000000e0000000, 0x00000000eb780000, 0x00000000f5580000)
  object space 187904K, 42% used [0x00000000e0000000,0x00000000e4dfd668,0x00000000eb780000)
 Metaspace       used 73168K, capacity 78230K, committed 78424K, reserved 1116160K
  class space    used 9958K, capacity 11100K, committed 11136K, reserved 1048576K
}

