# JRE version: Java(TM) SE Runtime Environment (8.0_241-b07) (build 1.8.0_241-b07)
# Java VM: Java HotSpot(TM) 64-Bit Server VM (25.241-b07 mixed mode windows-amd64 compressed oops)
Heap:
 PSYoungGen      total 135168K, used 19954K [0x00000000f5580000, 0x00000000fff00000, 0x0000000100000000)
  eden space 97792K, 1% used [0x00000000f5580000,0x00000000f575b8f8,0x00000000fb500000)
  from space 37376K, 48% used [0x00000000fb500000,0x00000000fc6a0f18,0x00000000fd980000)
  to   space 36352K, 0% used [0x00000000fdb80000,0x00000000fdb80000,0x00000000fff00000)
 ParOldGen       total 197632K, used 162247K [0x00000000e0000000, 0x00000000ec100000, 0x00000000f5580000)
  object space 197632K, 82% used [0x00000000e0000000,0x00000000e9e71ff8,0x00000000ec100000)
 Metaspace       used 136503K, capacity 144367K, committed 144512K, reserved 1173504K
  class space    used 17817K, capacity 19515K, committed 19584K, reserved 1048576K
GC Heap History (10 events):
Event: 130.769 GC heap before
{Heap before GC invocations=42 (full 5):
 PSYoungGen      total 135680K, used 105655K [0x00000000f5580000, 0x0000000100000000, 0x0000000100000000)
  eden space 97792K, 100% used [0x00000000f5580000,0x00000000fb500000,0x00000000fb500000)
  from space 37888K, 20% used [0x00000000fda80000,0x00000000fe22dfc8,0x00000000fff80000)
  to   space 38400K, 0% used [0x00000000fb500000,0x00000000fb500000,0x00000000fda80000)
 ParOldGen       total 197632K, used 140513K [0x00000000e0000000, 0x00000000ec100000, 0x00000000f5580000)
  object space 197632K, 71% used [0x00000000e0000000,0x00000000e89384a8,0x00000000ec100000)
 Metaspace       used 135638K, capacity 143447K, committed 143616K, reserved 1173504K
  class space    used 17754K, capacity 19407K, committed 19456K, reserved 1048576K
Event: 130.793 GC heap after
Heap after GC invocations=42 (full 5):
 PSYoungGen      total 136192K, used 8682K [0x00000000f5580000, 0x0000000100000000, 0x0000000100000000)
  eden space 97792K, 0% used [0x00000000f5580000,0x00000000f5580000,0x00000000fb500000)
  from space 38400K, 22% used [0x00000000fb500000,0x00000000fbd7a868,0x00000000fda80000)
  to   space 38400K, 0% used [0x00000000fda80000,0x00000000fda80000,0x0000000100000000)
 ParOldGen       total 197632K, used 143439K [0x00000000e0000000, 0x00000000ec100000, 0x00000000f5580000)
  object space 197632K, 72% used [0x00000000e0000000,0x00000000e8c13c30,0x00000000ec100000)
 Metaspace       used 135638K, capacity 143447K, committed 143616K, reserved 1173504K
  class space    used 17754K, capacity 19407K, committed 19456K, reserved 1048576K
}
Event: 131.746 GC heap before
{Heap before GC invocations=43 (full 5):
 PSYoungGen      total 136192K, used 106474K [0x00000000f5580000, 0x0000000100000000, 0x0000000100000000)
  eden space 97792K, 100% used [0x00000000f5580000,0x00000000fb500000,0x00000000fb500000)
  from space 38400K, 22% used [0x00000000fb500000,0x00000000fbd7a868,0x00000000fda80000)
  to   space 38400K, 0% used [0x00000000fda80000,0x00000000fda80000,0x0000000100000000)
 ParOldGen       total 197632K, used 143439K [0x00000000e0000000, 0x00000000ec100000, 0x00000000f5580000)
  object space 197632K, 72% used [0x00000000e0000000,0x00000000e8c13c30,0x00000000ec100000)
 Metaspace       used 136044K, capacity 143831K, committed 143872K, reserved 1173504K
  class space    used 17773K, capacity 19441K, committed 19456K, reserved 1048576K
Event: 131.769 GC heap after
Heap after GC invocations=43 (full 5):
 PSYoungGen      total 136192K, used 7257K [0x00000000f5580000, 0x0000000100000000, 0x0000000100000000)
  eden space 97792K, 0% used [0x00000000f5580000,0x00000000f5580000,0x00000000fb500000)
  from space 38400K, 18% used [0x00000000fda80000,0x00000000fe196758,0x0000000100000000)
  to   space 38400K, 0% used [0x00000000fb500000,0x00000000fb500000,0x00000000fda80000)
 ParOldGen       total 197632K, used 149475K [0x00000000e0000000, 0x00000000ec100000, 0x00000000f5580000)
  object space 197632K, 75% used [0x00000000e0000000,0x00000000e91f8e08,0x00000000ec100000)
 Metaspace       used 136044K, capacity 143831K, committed 143872K, reserved 1173504K
  class space    used 17773K, capacity 19441K, committed 19456K, reserved 1048576K
}
Event: 132.487 GC heap before
{Heap before GC invocations=44 (full 5):
 PSYoungGen      total 136192K, used 105035K [0x00000000f5580000, 0x0000000100000000, 0x0000000100000000)
  eden space 97792K, 99% used [0x00000000f5580000,0x00000000fb4fc690,0x00000000fb500000)
  from space 38400K, 18% used [0x00000000fda80000,0x00000000fe196758,0x0000000100000000)
  to   space 38400K, 0% used [0x00000000fb500000,0x00000000fb500000,0x00000000fda80000)
 ParOldGen       total 197632K, used 149731K [0x00000000e0000000, 0x00000000ec100000, 0x00000000f5580000)
  object space 197632K, 75% used [0x00000000e0000000,0x00000000e9238e18,0x00000000ec100000)
 Metaspace       used 136266K, capacity 144091K, committed 144256K, reserved 1173504K
  class space    used 17802K, capacity 19479K, committed 19584K, reserved 1048576K
Event: 132.510 GC heap after
Heap after GC invocations=44 (full 5):
 PSYoungGen      total 136192K, used 4599K [0x00000000f5580000, 0x0000000100000000, 0x0000000100000000)
  eden space 97792K, 0% used [0x00000000f5580000,0x00000000f5580000,0x00000000fb500000)
  from space 38400K, 11% used [0x00000000fb500000,0x00000000fb97de10,0x00000000fda80000)
  to   space 38400K, 0% used [0x00000000fda80000,0x00000000fda80000,0x0000000100000000)
 ParOldGen       total 197632K, used 156053K [0x00000000e0000000, 0x00000000ec100000, 0x00000000f5580000)
  object space 197632K, 78% used [0x00000000e0000000,0x00000000e98656b0,0x00000000ec100000)
 Metaspace       used 136266K, capacity 144091K, committed 144256K, reserved 1173504K
  class space    used 17802K, capacity 19479K, committed 19584K, reserved 1048576K
}
Event: 133.227 GC heap before
{Heap before GC invocations=45 (full 5):
 PSYoungGen      total 136192K, used 102391K [0x00000000f5580000, 0x0000000100000000, 0x0000000100000000)
  eden space 97792K, 100% used [0x00000000f5580000,0x00000000fb500000,0x00000000fb500000)
  from space 38400K, 11% used [0x00000000fb500000,0x00000000fb97de10,0x00000000fda80000)
  to   space 38400K, 0% used [0x00000000fda80000,0x00000000fda80000,0x0000000100000000)
 ParOldGen       total 197632K, used 156056K [0x00000000e0000000, 0x00000000ec100000, 0x00000000f5580000)
  object space 197632K, 78% used [0x00000000e0000000,0x00000000e98663a8,0x00000000ec100000)
 Metaspace       used 136447K, capacity 144299K, committed 144512K, reserved 1173504K
  class space    used 17817K, capacity 19515K, committed 19584K, reserved 1048576K
Event: 133.254 GC heap after
Heap after GC invocations=45 (full 5):
 PSYoungGen      total 134144K, used 7754K [0x00000000f5580000, 0x00000000ffe00000, 0x0000000100000000)
  eden space 97792K, 0% used [0x00000000f5580000,0x00000000f5580000,0x00000000fb500000)
  from space 36352K, 21% used [0x00000000fda80000,0x00000000fe212a28,0x00000000ffe00000)
  to   space 37376K, 0% used [0x00000000fb500000,0x00000000fb500000,0x00000000fd980000)
 ParOldGen       total 197632K, used 158296K [0x00000000e0000000, 0x00000000ec100000, 0x00000000f5580000)
  object space 197632K, 80% used [0x00000000e0000000,0x00000000e9a96258,0x00000000ec100000)
 Metaspace       used 136447K, capacity 144299K, committed 144512K, reserved 1173504K
  class space    used 17817K, capacity 19515K, committed 19584K, reserved 1048576K
}
Event: 133.685 GC heap before
{Heap before GC invocations=46 (full 5):
 PSYoungGen      total 134144K, used 105546K [0x00000000f5580000, 0x00000000ffe00000, 0x0000000100000000)
  eden space 97792K, 100% used [0x00000000f5580000,0x00000000fb500000,0x00000000fb500000)
  from space 36352K, 21% used [0x00000000fda80000,0x00000000fe212a28,0x00000000ffe00000)
  to   space 37376K, 0% used [0x00000000fb500000,0x00000000fb500000,0x00000000fd980000)
 ParOldGen       total 197632K, used 158296K [0x00000000e0000000, 0x00000000ec100000, 0x00000000f5580000)
  object space 197632K, 80% used [0x00000000e0000000,0x00000000e9a96258,0x00000000ec100000)
 Metaspace       used 136503K, capacity 144367K, committed 144512K, reserved 1173504K
  class space    used 17817K, capacity 19515K, committed 19584K, reserved 1048576K
Event: 133.720 GC heap after
Heap after GC invocations=46 (full 5):
 PSYoungGen      total 135168K, used 18051K [0x00000000f5580000, 0x00000000fff00000, 0x0000000100000000)
  eden space 97792K, 0% used [0x00000000f5580000,0x00000000f5580000,0x00000000fb500000)
  from space 37376K, 48% used [0x00000000fb500000,0x00000000fc6a0f18,0x00000000fd980000)
  to   space 36352K, 0% used [0x00000000fdb80000,0x00000000fdb80000,0x00000000fff00000)
 ParOldGen       total 197632K, used 162247K [0x00000000e0000000, 0x00000000ec100000, 0x00000000f5580000)
  object space 197632K, 82% used [0x00000000e0000000,0x00000000e9e71ff8,0x00000000ec100000)
 Metaspace       used 136503K, capacity 144367K, committed 144512K, reserved 1173504K
  class space    used 17817K, capacity 19515K, committed 19584K, reserved 1048576K
}

