# JRE version: Java(TM) SE Runtime Environment (8.0_241-b07) (build 1.8.0_241-b07)
# Java VM: Java HotSpot(TM) 64-Bit Server VM (25.241-b07 mixed mode windows-amd64 compressed oops)
Heap:
 PSYoungGen      total 159744K, used 48927K [0x00000000f5580000, 0x0000000100000000, 0x0000000100000000)
  eden space 146944K, 25% used [0x00000000f5580000,0x00000000f79ad890,0x00000000fe500000)
  from space 12800K, 92% used [0x00000000ff380000,0x00000000fff1a488,0x0000000100000000)
  to   space 13824K, 0% used [0x00000000fe500000,0x00000000fe500000,0x00000000ff280000)
 ParOldGen       total 175104K, used 16914K [0x00000000e0000000, 0x00000000eab00000, 0x00000000f5580000)
  object space 175104K, 9% used [0x00000000e0000000,0x00000000e1084bd0,0x00000000eab00000)
 Metaspace       used 45993K, capacity 47730K, committed 48000K, reserved 1091584K
  class space    used 6367K, capacity 6772K, committed 6784K, reserved 1048576K
GC Heap History (10 events):
Event: 11.796 GC heap before
{Heap before GC invocations=6 (full 1):
 PSYoungGen      total 76288K, used 65536K [0x00000000f5580000, 0x00000000fea80000, 0x0000000100000000)
  eden space 65536K, 100% used [0x00000000f5580000,0x00000000f9580000,0x00000000f9580000)
  from space 10752K, 0% used [0x00000000fa000000,0x00000000fa000000,0x00000000faa80000)
  to   space 10752K, 0% used [0x00000000f9580000,0x00000000f9580000,0x00000000fa000000)
 ParOldGen       total 175104K, used 7099K [0x00000000e0000000, 0x00000000eab00000, 0x00000000f5580000)
  object space 175104K, 4% used [0x00000000e0000000,0x00000000e06eed00,0x00000000eab00000)
 Metaspace       used 29154K, capacity 29848K, committed 30080K, reserved 1075200K
  class space    used 3992K, capacity 4200K, committed 4224K, reserved 1048576K
Event: 11.810 GC heap after
Heap after GC invocations=6 (full 1):
 PSYoungGen      total 76288K, used 8308K [0x00000000f5580000, 0x00000000fd400000, 0x0000000100000000)
  eden space 65536K, 0% used [0x00000000f5580000,0x00000000f5580000,0x00000000f9580000)
  from space 10752K, 77% used [0x00000000f9580000,0x00000000f9d9d108,0x00000000fa000000)
  to   space 11776K, 0% used [0x00000000fc880000,0x00000000fc880000,0x00000000fd400000)
 ParOldGen       total 175104K, used 7107K [0x00000000e0000000, 0x00000000eab00000, 0x00000000f5580000)
  object space 175104K, 4% used [0x00000000e0000000,0x00000000e06f0d00,0x00000000eab00000)
 Metaspace       used 29154K, capacity 29848K, committed 30080K, reserved 1075200K
  class space    used 3992K, capacity 4200K, committed 4224K, reserved 1048576K
}
Event: 18.000 GC heap before
{Heap before GC invocations=7 (full 1):
 PSYoungGen      total 76288K, used 73844K [0x00000000f5580000, 0x00000000fd400000, 0x0000000100000000)
  eden space 65536K, 100% used [0x00000000f5580000,0x00000000f9580000,0x00000000f9580000)
  from space 10752K, 77% used [0x00000000f9580000,0x00000000f9d9d108,0x00000000fa000000)
  to   space 11776K, 0% used [0x00000000fc880000,0x00000000fc880000,0x00000000fd400000)
 ParOldGen       total 175104K, used 7107K [0x00000000e0000000, 0x00000000eab00000, 0x00000000f5580000)
  object space 175104K, 4% used [0x00000000e0000000,0x00000000e06f0d00,0x00000000eab00000)
 Metaspace       used 32159K, capacity 33028K, committed 33280K, reserved 1077248K
  class space    used 4503K, capacity 4755K, committed 4864K, reserved 1048576K
Event: 18.020 GC heap after
Heap after GC invocations=7 (full 1):
 PSYoungGen      total 113152K, used 10221K [0x00000000f5580000, 0x00000000fd280000, 0x0000000100000000)
  eden space 102912K, 0% used [0x00000000f5580000,0x00000000f5580000,0x00000000fba00000)
  from space 10240K, 99% used [0x00000000fc880000,0x00000000fd27b438,0x00000000fd280000)
  to   space 12288K, 0% used [0x00000000fba80000,0x00000000fba80000,0x00000000fc680000)
 ParOldGen       total 175104K, used 7107K [0x00000000e0000000, 0x00000000eab00000, 0x00000000f5580000)
  object space 175104K, 4% used [0x00000000e0000000,0x00000000e06f0d00,0x00000000eab00000)
 Metaspace       used 32159K, capacity 33028K, committed 33280K, reserved 1077248K
  class space    used 4503K, capacity 4755K, committed 4864K, reserved 1048576K
}
Event: 18.677 GC heap before
{Heap before GC invocations=8 (full 1):
 PSYoungGen      total 113152K, used 55589K [0x00000000f5580000, 0x00000000fd280000, 0x0000000100000000)
  eden space 102912K, 44% used [0x00000000f5580000,0x00000000f81ce2d8,0x00000000fba00000)
  from space 10240K, 99% used [0x00000000fc880000,0x00000000fd27b438,0x00000000fd280000)
  to   space 12288K, 0% used [0x00000000fba80000,0x00000000fba80000,0x00000000fc680000)
 ParOldGen       total 175104K, used 7107K [0x00000000e0000000, 0x00000000eab00000, 0x00000000f5580000)
  object space 175104K, 4% used [0x00000000e0000000,0x00000000e06f0d00,0x00000000eab00000)
 Metaspace       used 34282K, capacity 35342K, committed 35496K, reserved 1079296K
  class space    used 4830K, capacity 5128K, committed 5248K, reserved 1048576K
Event: 18.696 GC heap after
Heap after GC invocations=8 (full 1):
 PSYoungGen      total 115712K, used 10602K [0x00000000f5580000, 0x0000000100000000, 0x0000000100000000)
  eden space 103424K, 0% used [0x00000000f5580000,0x00000000f5580000,0x00000000fba80000)
  from space 12288K, 86% used [0x00000000fba80000,0x00000000fc4daa78,0x00000000fc680000)
  to   space 12800K, 0% used [0x00000000ff380000,0x00000000ff380000,0x0000000100000000)
 ParOldGen       total 175104K, used 7115K [0x00000000e0000000, 0x00000000eab00000, 0x00000000f5580000)
  object space 175104K, 4% used [0x00000000e0000000,0x00000000e06f2d00,0x00000000eab00000)
 Metaspace       used 34282K, capacity 35342K, committed 35496K, reserved 1079296K
  class space    used 4830K, capacity 5128K, committed 5248K, reserved 1048576K
}
Event: 18.696 GC heap before
{Heap before GC invocations=9 (full 2):
 PSYoungGen      total 115712K, used 10602K [0x00000000f5580000, 0x0000000100000000, 0x0000000100000000)
  eden space 103424K, 0% used [0x00000000f5580000,0x00000000f5580000,0x00000000fba80000)
  from space 12288K, 86% used [0x00000000fba80000,0x00000000fc4daa78,0x00000000fc680000)
  to   space 12800K, 0% used [0x00000000ff380000,0x00000000ff380000,0x0000000100000000)
 ParOldGen       total 175104K, used 7115K [0x00000000e0000000, 0x00000000eab00000, 0x00000000f5580000)
  object space 175104K, 4% used [0x00000000e0000000,0x00000000e06f2d00,0x00000000eab00000)
 Metaspace       used 34282K, capacity 35342K, committed 35496K, reserved 1079296K
  class space    used 4830K, capacity 5128K, committed 5248K, reserved 1048576K
Event: 18.771 GC heap after
Heap after GC invocations=9 (full 2):
 PSYoungGen      total 115712K, used 0K [0x00000000f5580000, 0x0000000100000000, 0x0000000100000000)
  eden space 103424K, 0% used [0x00000000f5580000,0x00000000f5580000,0x00000000fba80000)
  from space 12288K, 0% used [0x00000000fba80000,0x00000000fba80000,0x00000000fc680000)
  to   space 12800K, 0% used [0x00000000ff380000,0x00000000ff380000,0x0000000100000000)
 ParOldGen       total 175104K, used 16906K [0x00000000e0000000, 0x00000000eab00000, 0x00000000f5580000)
  object space 175104K, 9% used [0x00000000e0000000,0x00000000e1082bd0,0x00000000eab00000)
 Metaspace       used 34282K, capacity 35342K, committed 35496K, reserved 1079296K
  class space    used 4830K, capacity 5128K, committed 5248K, reserved 1048576K
}
Event: 21.110 GC heap before
{Heap before GC invocations=10 (full 2):
 PSYoungGen      total 115712K, used 103424K [0x00000000f5580000, 0x0000000100000000, 0x0000000100000000)
  eden space 103424K, 100% used [0x00000000f5580000,0x00000000fba80000,0x00000000fba80000)
  from space 12288K, 0% used [0x00000000fba80000,0x00000000fba80000,0x00000000fc680000)
  to   space 12800K, 0% used [0x00000000ff380000,0x00000000ff380000,0x0000000100000000)
 ParOldGen       total 175104K, used 16906K [0x00000000e0000000, 0x00000000eab00000, 0x00000000f5580000)
  object space 175104K, 9% used [0x00000000e0000000,0x00000000e1082bd0,0x00000000eab00000)
 Metaspace       used 43139K, capacity 44838K, committed 45184K, reserved 1087488K
  class space    used 5999K, capacity 6432K, committed 6528K, reserved 1048576K
Event: 21.133 GC heap after
Heap after GC invocations=10 (full 2):
 PSYoungGen      total 159744K, used 11881K [0x00000000f5580000, 0x0000000100000000, 0x0000000100000000)
  eden space 146944K, 0% used [0x00000000f5580000,0x00000000f5580000,0x00000000fe500000)
  from space 12800K, 92% used [0x00000000ff380000,0x00000000fff1a488,0x0000000100000000)
  to   space 13824K, 0% used [0x00000000fe500000,0x00000000fe500000,0x00000000ff280000)
 ParOldGen       total 175104K, used 16914K [0x00000000e0000000, 0x00000000eab00000, 0x00000000f5580000)
  object space 175104K, 9% used [0x00000000e0000000,0x00000000e1084bd0,0x00000000eab00000)
 Metaspace       used 43139K, capacity 44838K, committed 45184K, reserved 1087488K
  class space    used 5999K, capacity 6432K, committed 6528K, reserved 1048576K
}

