# JRE version: Java(TM) SE Runtime Environment (8.0_241-b07) (build 1.8.0_241-b07)
# Java VM: Java HotSpot(TM) 64-Bit Server VM (25.241-b07 mixed mode windows-amd64 compressed oops)
Heap:
 PSYoungGen      total 120320K, used 98022K [0x00000000f5580000, 0x00000000fda00000, 0x0000000100000000)
  eden space 110080K, 79% used [0x00000000f5580000,0x00000000fab40d60,0x00000000fc100000)
  from space 10240K, 99% used [0x00000000fd000000,0x00000000fd9f8c38,0x00000000fda00000)
  to   space 12288K, 0% used [0x00000000fc200000,0x00000000fc200000,0x00000000fce00000)
 ParOldGen       total 175104K, used 19654K [0x00000000e0000000, 0x00000000eab00000, 0x00000000f5580000)
  object space 175104K, 11% used [0x00000000e0000000,0x00000000e1331a78,0x00000000eab00000)
 Metaspace       used 48161K, capacity 50052K, committed 50176K, reserved 1091584K
  class space    used 6651K, capacity 7154K, committed 7168K, reserved 1048576K
GC Heap History (10 events):
Event: 11.666 GC heap before
{Heap before GC invocations=6 (full 1):
 PSYoungGen      total 76288K, used 65536K [0x00000000f5580000, 0x00000000fea80000, 0x0000000100000000)
  eden space 65536K, 100% used [0x00000000f5580000,0x00000000f9580000,0x00000000f9580000)
  from space 10752K, 0% used [0x00000000fa000000,0x00000000fa000000,0x00000000faa80000)
  to   space 10752K, 0% used [0x00000000f9580000,0x00000000f9580000,0x00000000fa000000)
 ParOldGen       total 175104K, used 6948K [0x00000000e0000000, 0x00000000eab00000, 0x00000000f5580000)
  object space 175104K, 3% used [0x00000000e0000000,0x00000000e06c9250,0x00000000eab00000)
 Metaspace       used 29144K, capacity 29854K, committed 30080K, reserved 1075200K
  class space    used 3986K, capacity 4201K, committed 4224K, reserved 1048576K
Event: 11.727 GC heap after
Heap after GC invocations=6 (full 1):
 PSYoungGen      total 76288K, used 8293K [0x00000000f5580000, 0x00000000fdb80000, 0x0000000100000000)
  eden space 65536K, 0% used [0x00000000f5580000,0x00000000f5580000,0x00000000f9580000)
  from space 10752K, 77% used [0x00000000f9580000,0x00000000f9d996c0,0x00000000fa000000)
  to   space 11776K, 0% used [0x00000000fd000000,0x00000000fd000000,0x00000000fdb80000)
 ParOldGen       total 175104K, used 6956K [0x00000000e0000000, 0x00000000eab00000, 0x00000000f5580000)
  object space 175104K, 3% used [0x00000000e0000000,0x00000000e06cb250,0x00000000eab00000)
 Metaspace       used 29144K, capacity 29854K, committed 30080K, reserved 1075200K
  class space    used 3986K, capacity 4201K, committed 4224K, reserved 1048576K
}
Event: 21.552 GC heap before
{Heap before GC invocations=7 (full 1):
 PSYoungGen      total 76288K, used 73829K [0x00000000f5580000, 0x00000000fdb80000, 0x0000000100000000)
  eden space 65536K, 100% used [0x00000000f5580000,0x00000000f9580000,0x00000000f9580000)
  from space 10752K, 77% used [0x00000000f9580000,0x00000000f9d996c0,0x00000000fa000000)
  to   space 11776K, 0% used [0x00000000fd000000,0x00000000fd000000,0x00000000fdb80000)
 ParOldGen       total 175104K, used 6956K [0x00000000e0000000, 0x00000000eab00000, 0x00000000f5580000)
  object space 175104K, 3% used [0x00000000e0000000,0x00000000e06cb250,0x00000000eab00000)
 Metaspace       used 32151K, capacity 33028K, committed 33280K, reserved 1077248K
  class space    used 4499K, capacity 4755K, committed 4864K, reserved 1048576K
Event: 21.573 GC heap after
Heap after GC invocations=7 (full 1):
 PSYoungGen      total 120320K, used 10220K [0x00000000f5580000, 0x00000000fda00000, 0x0000000100000000)
  eden space 110080K, 0% used [0x00000000f5580000,0x00000000f5580000,0x00000000fc100000)
  from space 10240K, 99% used [0x00000000fd000000,0x00000000fd9fb358,0x00000000fda00000)
  to   space 12288K, 0% used [0x00000000fc200000,0x00000000fc200000,0x00000000fce00000)
 ParOldGen       total 175104K, used 6964K [0x00000000e0000000, 0x00000000eab00000, 0x00000000f5580000)
  object space 175104K, 3% used [0x00000000e0000000,0x00000000e06cd250,0x00000000eab00000)
 Metaspace       used 32151K, capacity 33028K, committed 33280K, reserved 1077248K
  class space    used 4499K, capacity 4755K, committed 4864K, reserved 1048576K
}
Event: 22.223 GC heap before
{Heap before GC invocations=8 (full 1):
 PSYoungGen      total 120320K, used 55266K [0x00000000f5580000, 0x00000000fda00000, 0x0000000100000000)
  eden space 110080K, 40% used [0x00000000f5580000,0x00000000f817d710,0x00000000fc100000)
  from space 10240K, 99% used [0x00000000fd000000,0x00000000fd9fb358,0x00000000fda00000)
  to   space 12288K, 0% used [0x00000000fc200000,0x00000000fc200000,0x00000000fce00000)
 ParOldGen       total 175104K, used 6964K [0x00000000e0000000, 0x00000000eab00000, 0x00000000f5580000)
  object space 175104K, 3% used [0x00000000e0000000,0x00000000e06cd250,0x00000000eab00000)
 Metaspace       used 34232K, capacity 35304K, committed 35496K, reserved 1079296K
  class space    used 4817K, capacity 5095K, committed 5120K, reserved 1048576K
Event: 22.239 GC heap after
Heap after GC invocations=8 (full 1):
 PSYoungGen      total 122368K, used 10608K [0x00000000f5580000, 0x00000000fda00000, 0x0000000100000000)
  eden space 110080K, 0% used [0x00000000f5580000,0x00000000f5580000,0x00000000fc100000)
  from space 12288K, 86% used [0x00000000fc200000,0x00000000fcc5c050,0x00000000fce00000)
  to   space 10240K, 0% used [0x00000000fd000000,0x00000000fd000000,0x00000000fda00000)
 ParOldGen       total 175104K, used 6972K [0x00000000e0000000, 0x00000000eab00000, 0x00000000f5580000)
  object space 175104K, 3% used [0x00000000e0000000,0x00000000e06cf250,0x00000000eab00000)
 Metaspace       used 34232K, capacity 35304K, committed 35496K, reserved 1079296K
  class space    used 4817K, capacity 5095K, committed 5120K, reserved 1048576K
}
Event: 22.239 GC heap before
{Heap before GC invocations=9 (full 2):
 PSYoungGen      total 122368K, used 10608K [0x00000000f5580000, 0x00000000fda00000, 0x0000000100000000)
  eden space 110080K, 0% used [0x00000000f5580000,0x00000000f5580000,0x00000000fc100000)
  from space 12288K, 86% used [0x00000000fc200000,0x00000000fcc5c050,0x00000000fce00000)
  to   space 10240K, 0% used [0x00000000fd000000,0x00000000fd000000,0x00000000fda00000)
 ParOldGen       total 175104K, used 6972K [0x00000000e0000000, 0x00000000eab00000, 0x00000000f5580000)
  object space 175104K, 3% used [0x00000000e0000000,0x00000000e06cf250,0x00000000eab00000)
 Metaspace       used 34232K, capacity 35304K, committed 35496K, reserved 1079296K
  class space    used 4817K, capacity 5095K, committed 5120K, reserved 1048576K
Event: 22.318 GC heap after
Heap after GC invocations=9 (full 2):
 PSYoungGen      total 122368K, used 0K [0x00000000f5580000, 0x00000000fda00000, 0x0000000100000000)
  eden space 110080K, 0% used [0x00000000f5580000,0x00000000f5580000,0x00000000fc100000)
  from space 12288K, 0% used [0x00000000fc200000,0x00000000fc200000,0x00000000fce00000)
  to   space 10240K, 0% used [0x00000000fd000000,0x00000000fd000000,0x00000000fda00000)
 ParOldGen       total 175104K, used 16874K [0x00000000e0000000, 0x00000000eab00000, 0x00000000f5580000)
  object space 175104K, 9% used [0x00000000e0000000,0x00000000e107a918,0x00000000eab00000)
 Metaspace       used 34232K, capacity 35304K, committed 35496K, reserved 1079296K
  class space    used 4817K, capacity 5095K, committed 5120K, reserved 1048576K
}
Event: 24.701 GC heap before
{Heap before GC invocations=10 (full 2):
 PSYoungGen      total 122368K, used 110080K [0x00000000f5580000, 0x00000000fda00000, 0x0000000100000000)
  eden space 110080K, 100% used [0x00000000f5580000,0x00000000fc100000,0x00000000fc100000)
  from space 12288K, 0% used [0x00000000fc200000,0x00000000fc200000,0x00000000fce00000)
  to   space 10240K, 0% used [0x00000000fd000000,0x00000000fd000000,0x00000000fda00000)
 ParOldGen       total 175104K, used 16874K [0x00000000e0000000, 0x00000000eab00000, 0x00000000f5580000)
  object space 175104K, 9% used [0x00000000e0000000,0x00000000e107a918,0x00000000eab00000)
 Metaspace       used 44144K, capacity 45850K, committed 46080K, reserved 1089536K
  class space    used 6111K, capacity 6532K, committed 6656K, reserved 1048576K
Event: 24.719 GC heap after
Heap after GC invocations=10 (full 2):
 PSYoungGen      total 120320K, used 10211K [0x00000000f5580000, 0x00000000fda00000, 0x0000000100000000)
  eden space 110080K, 0% used [0x00000000f5580000,0x00000000f5580000,0x00000000fc100000)
  from space 10240K, 99% used [0x00000000fd000000,0x00000000fd9f8c38,0x00000000fda00000)
  to   space 12288K, 0% used [0x00000000fc200000,0x00000000fc200000,0x00000000fce00000)
 ParOldGen       total 175104K, used 19654K [0x00000000e0000000, 0x00000000eab00000, 0x00000000f5580000)
  object space 175104K, 11% used [0x00000000e0000000,0x00000000e1331a78,0x00000000eab00000)
 Metaspace       used 44144K, capacity 45850K, committed 46080K, reserved 1089536K
  class space    used 6111K, capacity 6532K, committed 6656K, reserved 1048576K
}

