# JRE version: Java(TM) SE Runtime Environment (8.0_241-b07) (build 1.8.0_241-b07)
# Java VM: Java HotSpot(TM) 64-Bit Server VM (25.241-b07 mixed mode windows-amd64 compressed oops)
Heap:
 PSYoungGen      total 146432K, used 12339K [0x00000000f5580000, 0x0000000100000000, 0x0000000100000000)
  eden space 132608K, 9% used [0x00000000f5580000,0x00000000f618cdb0,0x00000000fd700000)
  from space 13824K, 0% used [0x00000000ff280000,0x00000000ff280000,0x0000000100000000)
  to   space 20992K, 0% used [0x00000000fd700000,0x00000000fd700000,0x00000000feb80000)
 ParOldGen       total 175104K, used 36236K [0x00000000e0000000, 0x00000000eab00000, 0x00000000f5580000)
  object space 175104K, 20% used [0x00000000e0000000,0x00000000e2363118,0x00000000eab00000)
 Metaspace       used 56881K, capacity 59426K, committed 59672K, reserved 1099776K
  class space    used 7950K, capacity 8554K, committed 8576K, reserved 1048576K
GC Heap History (10 events):
Event: 16.695 GC heap before
{Heap before GC invocations=9 (full 2):
 PSYoungGen      total 117248K, used 10554K [0x00000000f5580000, 0x0000000100000000, 0x0000000100000000)
  eden space 104960K, 0% used [0x00000000f5580000,0x00000000f5580000,0x00000000fbc00000)
  from space 12288K, 85% used [0x00000000fbc00000,0x00000000fc64e9f0,0x00000000fc800000)
  to   space 12800K, 0% used [0x00000000ff380000,0x00000000ff380000,0x0000000100000000)
 ParOldGen       total 175104K, used 7133K [0x00000000e0000000, 0x00000000eab00000, 0x00000000f5580000)
  object space 175104K, 4% used [0x00000000e0000000,0x00000000e06f74a8,0x00000000eab00000)
 Metaspace       used 34300K, capacity 35338K, committed 35496K, reserved 1079296K
  class space    used 4827K, capacity 5128K, committed 5248K, reserved 1048576K
Event: 16.789 GC heap after
Heap after GC invocations=9 (full 2):
 PSYoungGen      total 117248K, used 0K [0x00000000f5580000, 0x0000000100000000, 0x0000000100000000)
  eden space 104960K, 0% used [0x00000000f5580000,0x00000000f5580000,0x00000000fbc00000)
  from space 12288K, 0% used [0x00000000fbc00000,0x00000000fbc00000,0x00000000fc800000)
  to   space 12800K, 0% used [0x00000000ff380000,0x00000000ff380000,0x0000000100000000)
 ParOldGen       total 175104K, used 16907K [0x00000000e0000000, 0x00000000eab00000, 0x00000000f5580000)
  object space 175104K, 9% used [0x00000000e0000000,0x00000000e1082fd8,0x00000000eab00000)
 Metaspace       used 34300K, capacity 35338K, committed 35496K, reserved 1079296K
  class space    used 4827K, capacity 5128K, committed 5248K, reserved 1048576K
}
Event: 19.231 GC heap before
{Heap before GC invocations=10 (full 2):
 PSYoungGen      total 117248K, used 104960K [0x00000000f5580000, 0x0000000100000000, 0x0000000100000000)
  eden space 104960K, 100% used [0x00000000f5580000,0x00000000fbc00000,0x00000000fbc00000)
  from space 12288K, 0% used [0x00000000fbc00000,0x00000000fbc00000,0x00000000fc800000)
  to   space 12800K, 0% used [0x00000000ff380000,0x00000000ff380000,0x0000000100000000)
 ParOldGen       total 175104K, used 16907K [0x00000000e0000000, 0x00000000eab00000, 0x00000000f5580000)
  object space 175104K, 9% used [0x00000000e0000000,0x00000000e1082fd8,0x00000000eab00000)
 Metaspace       used 43123K, capacity 44934K, committed 45184K, reserved 1087488K
  class space    used 5994K, capacity 6438K, committed 6528K, reserved 1048576K
Event: 19.251 GC heap after
Heap after GC invocations=10 (full 2):
 PSYoungGen      total 159744K, used 11890K [0x00000000f5580000, 0x0000000100000000, 0x0000000100000000)
  eden space 146944K, 0% used [0x00000000f5580000,0x00000000f5580000,0x00000000fe500000)
  from space 12800K, 92% used [0x00000000ff380000,0x00000000fff1c810,0x0000000100000000)
  to   space 13824K, 0% used [0x00000000fe500000,0x00000000fe500000,0x00000000ff280000)
 ParOldGen       total 175104K, used 16915K [0x00000000e0000000, 0x00000000eab00000, 0x00000000f5580000)
  object space 175104K, 9% used [0x00000000e0000000,0x00000000e1084fd8,0x00000000eab00000)
 Metaspace       used 43123K, capacity 44934K, committed 45184K, reserved 1087488K
  class space    used 5994K, capacity 6438K, committed 6528K, reserved 1048576K
}
Event: 27.562 GC heap before
{Heap before GC invocations=11 (full 2):
 PSYoungGen      total 159744K, used 158834K [0x00000000f5580000, 0x0000000100000000, 0x0000000100000000)
  eden space 146944K, 100% used [0x00000000f5580000,0x00000000fe500000,0x00000000fe500000)
  from space 12800K, 92% used [0x00000000ff380000,0x00000000fff1c810,0x0000000100000000)
  to   space 13824K, 0% used [0x00000000fe500000,0x00000000fe500000,0x00000000ff280000)
 ParOldGen       total 175104K, used 16915K [0x00000000e0000000, 0x00000000eab00000, 0x00000000f5580000)
  object space 175104K, 9% used [0x00000000e0000000,0x00000000e1084fd8,0x00000000eab00000)
 Metaspace       used 52246K, capacity 54458K, committed 54656K, reserved 1095680K
  class space    used 7256K, capacity 7800K, committed 7808K, reserved 1048576K
Event: 27.623 GC heap after
Heap after GC invocations=11 (full 2):
 PSYoungGen      total 160768K, used 13804K [0x00000000f5580000, 0x0000000100000000, 0x0000000100000000)
  eden space 146944K, 0% used [0x00000000f5580000,0x00000000f5580000,0x00000000fe500000)
  from space 13824K, 99% used [0x00000000fe500000,0x00000000ff27b048,0x00000000ff280000)
  to   space 13824K, 0% used [0x00000000ff280000,0x00000000ff280000,0x0000000100000000)
 ParOldGen       total 175104K, used 24493K [0x00000000e0000000, 0x00000000eab00000, 0x00000000f5580000)
  object space 175104K, 13% used [0x00000000e0000000,0x00000000e17eb600,0x00000000eab00000)
 Metaspace       used 52246K, capacity 54458K, committed 54656K, reserved 1095680K
  class space    used 7256K, capacity 7800K, committed 7808K, reserved 1048576K
}
Event: 29.451 GC heap before
{Heap before GC invocations=12 (full 2):
 PSYoungGen      total 160768K, used 86668K [0x00000000f5580000, 0x0000000100000000, 0x0000000100000000)
  eden space 146944K, 49% used [0x00000000f5580000,0x00000000f9ca8158,0x00000000fe500000)
  from space 13824K, 99% used [0x00000000fe500000,0x00000000ff27b048,0x00000000ff280000)
  to   space 13824K, 0% used [0x00000000ff280000,0x00000000ff280000,0x0000000100000000)
 ParOldGen       total 175104K, used 24493K [0x00000000e0000000, 0x00000000eab00000, 0x00000000f5580000)
  object space 175104K, 13% used [0x00000000e0000000,0x00000000e17eb600,0x00000000eab00000)
 Metaspace       used 56618K, capacity 59088K, committed 59160K, reserved 1099776K
  class space    used 7907K, capacity 8521K, committed 8576K, reserved 1048576K
Event: 29.491 GC heap after
Heap after GC invocations=12 (full 2):
 PSYoungGen      total 146432K, used 13810K [0x00000000f5580000, 0x0000000100000000, 0x0000000100000000)
  eden space 132608K, 0% used [0x00000000f5580000,0x00000000f5580000,0x00000000fd700000)
  from space 13824K, 99% used [0x00000000ff280000,0x00000000ffffc818,0x0000000100000000)
  to   space 20992K, 0% used [0x00000000fd700000,0x00000000fd700000,0x00000000feb80000)
 ParOldGen       total 175104K, used 31543K [0x00000000e0000000, 0x00000000eab00000, 0x00000000f5580000)
  object space 175104K, 18% used [0x00000000e0000000,0x00000000e1ecdf38,0x00000000eab00000)
 Metaspace       used 56618K, capacity 59088K, committed 59160K, reserved 1099776K
  class space    used 7907K, capacity 8521K, committed 8576K, reserved 1048576K
}
Event: 29.491 GC heap before
{Heap before GC invocations=13 (full 3):
 PSYoungGen      total 146432K, used 13810K [0x00000000f5580000, 0x0000000100000000, 0x0000000100000000)
  eden space 132608K, 0% used [0x00000000f5580000,0x00000000f5580000,0x00000000fd700000)
  from space 13824K, 99% used [0x00000000ff280000,0x00000000ffffc818,0x0000000100000000)
  to   space 20992K, 0% used [0x00000000fd700000,0x00000000fd700000,0x00000000feb80000)
 ParOldGen       total 175104K, used 31543K [0x00000000e0000000, 0x00000000eab00000, 0x00000000f5580000)
  object space 175104K, 18% used [0x00000000e0000000,0x00000000e1ecdf38,0x00000000eab00000)
 Metaspace       used 56618K, capacity 59088K, committed 59160K, reserved 1099776K
  class space    used 7907K, capacity 8521K, committed 8576K, reserved 1048576K
Event: 29.835 GC heap after
Heap after GC invocations=13 (full 3):
 PSYoungGen      total 146432K, used 0K [0x00000000f5580000, 0x0000000100000000, 0x0000000100000000)
  eden space 132608K, 0% used [0x00000000f5580000,0x00000000f5580000,0x00000000fd700000)
  from space 13824K, 0% used [0x00000000ff280000,0x00000000ff280000,0x0000000100000000)
  to   space 20992K, 0% used [0x00000000fd700000,0x00000000fd700000,0x00000000feb80000)
 ParOldGen       total 175104K, used 36236K [0x00000000e0000000, 0x00000000eab00000, 0x00000000f5580000)
  object space 175104K, 20% used [0x00000000e0000000,0x00000000e2363118,0x00000000eab00000)
 Metaspace       used 56596K, capacity 59016K, committed 59160K, reserved 1099776K
  class space    used 7900K, capacity 8509K, committed 8576K, reserved 1048576K
}

