# JRE version: Java(TM) SE Runtime Environment (8.0_241-b07) (build 1.8.0_241-b07)
# Java VM: Java HotSpot(TM) 64-Bit Server VM (25.241-b07 mixed mode windows-amd64 compressed oops)
Heap:
 PSYoungGen      total 138240K, used 22156K [0x00000000f5580000, 0x00000000ffc80000, 0x0000000100000000)
  eden space 109568K, 7% used [0x00000000f5580000,0x00000000f5d3f8a8,0x00000000fc080000)
  from space 28672K, 49% used [0x00000000fe080000,0x00000000fee63928,0x00000000ffc80000)
  to   space 30720K, 0% used [0x00000000fc080000,0x00000000fc080000,0x00000000fde80000)
 ParOldGen       total 198144K, used 75872K [0x00000000e0000000, 0x00000000ec180000, 0x00000000f5580000)
  object space 198144K, 38% used [0x00000000e0000000,0x00000000e4a182f0,0x00000000ec180000)
 Metaspace       used 69444K, capacity 74466K, committed 74624K, reserved 1114112K
  class space    used 9669K, capacity 10812K, committed 10880K, reserved 1048576K
GC Heap History (10 events):
Event: 18.836 GC heap before
{Heap before GC invocations=13 (full 3):
 PSYoungGen      total 145408K, used 13795K [0x00000000f5580000, 0x0000000100000000, 0x0000000100000000)
  eden space 131584K, 0% used [0x00000000f5580000,0x00000000f5580000,0x00000000fd600000)
  from space 13824K, 99% used [0x00000000ff280000,0x00000000ffff8e58,0x0000000100000000)
  to   space 21504K, 0% used [0x00000000fd600000,0x00000000fd600000,0x00000000feb00000)
 ParOldGen       total 175104K, used 31682K [0x00000000e0000000, 0x00000000eab00000, 0x00000000f5580000)
  object space 175104K, 18% used [0x00000000e0000000,0x00000000e1ef0b18,0x00000000eab00000)
 Metaspace       used 56511K, capacity 59022K, committed 59096K, reserved 1099776K
  class space    used 7900K, capacity 8520K, committed 8576K, reserved 1048576K
Event: 19.168 GC heap after
Heap after GC invocations=13 (full 3):
 PSYoungGen      total 145408K, used 0K [0x00000000f5580000, 0x0000000100000000, 0x0000000100000000)
  eden space 131584K, 0% used [0x00000000f5580000,0x00000000f5580000,0x00000000fd600000)
  from space 13824K, 0% used [0x00000000ff280000,0x00000000ff280000,0x0000000100000000)
  to   space 21504K, 0% used [0x00000000fd600000,0x00000000fd600000,0x00000000feb00000)
 ParOldGen       total 198144K, used 36201K [0x00000000e0000000, 0x00000000ec180000, 0x00000000f5580000)
  object space 198144K, 18% used [0x00000000e0000000,0x00000000e235a6a0,0x00000000ec180000)
 Metaspace       used 56490K, capacity 58950K, committed 59096K, reserved 1099776K
  class space    used 7893K, capacity 8508K, committed 8576K, reserved 1048576K
}
Event: 22.392 GC heap before
{Heap before GC invocations=14 (full 3):
 PSYoungGen      total 145408K, used 131584K [0x00000000f5580000, 0x0000000100000000, 0x0000000100000000)
  eden space 131584K, 100% used [0x00000000f5580000,0x00000000fd600000,0x00000000fd600000)
  from space 13824K, 0% used [0x00000000ff280000,0x00000000ff280000,0x0000000100000000)
  to   space 21504K, 0% used [0x00000000fd600000,0x00000000fd600000,0x00000000feb00000)
 ParOldGen       total 198144K, used 36201K [0x00000000e0000000, 0x00000000ec180000, 0x00000000f5580000)
  object space 198144K, 18% used [0x00000000e0000000,0x00000000e235a6a0,0x00000000ec180000)
 Metaspace       used 62118K, capacity 66004K, committed 66176K, reserved 1105920K
  class space    used 8739K, capacity 9733K, committed 9856K, reserved 1048576K
Event: 22.438 GC heap after
Heap after GC invocations=14 (full 3):
 PSYoungGen      total 152576K, used 20831K [0x00000000f5580000, 0x0000000100000000, 0x0000000100000000)
  eden space 131584K, 0% used [0x00000000f5580000,0x00000000f5580000,0x00000000fd600000)
  from space 20992K, 99% used [0x00000000fd600000,0x00000000fea57d90,0x00000000fea80000)
  to   space 22016K, 0% used [0x00000000fea80000,0x00000000fea80000,0x0000000100000000)
 ParOldGen       total 198144K, used 36209K [0x00000000e0000000, 0x00000000ec180000, 0x00000000f5580000)
  object space 198144K, 18% used [0x00000000e0000000,0x00000000e235c6a0,0x00000000ec180000)
 Metaspace       used 62118K, capacity 66004K, committed 66176K, reserved 1105920K
  class space    used 8739K, capacity 9733K, committed 9856K, reserved 1048576K
}
Event: 24.771 GC heap before
{Heap before GC invocations=15 (full 3):
 PSYoungGen      total 152576K, used 152415K [0x00000000f5580000, 0x0000000100000000, 0x0000000100000000)
  eden space 131584K, 100% used [0x00000000f5580000,0x00000000fd600000,0x00000000fd600000)
  from space 20992K, 99% used [0x00000000fd600000,0x00000000fea57d90,0x00000000fea80000)
  to   space 22016K, 0% used [0x00000000fea80000,0x00000000fea80000,0x0000000100000000)
 ParOldGen       total 198144K, used 36209K [0x00000000e0000000, 0x00000000ec180000, 0x00000000f5580000)
  object space 198144K, 18% used [0x00000000e0000000,0x00000000e235c6a0,0x00000000ec180000)
 Metaspace       used 64953K, capacity 69212K, committed 69248K, reserved 1107968K
  class space    used 9052K, capacity 10109K, committed 10112K, reserved 1048576K
Event: 24.838 GC heap after
Heap after GC invocations=15 (full 3):
 PSYoungGen      total 131072K, used 22016K [0x00000000f5580000, 0x0000000100000000, 0x0000000100000000)
  eden space 109056K, 0% used [0x00000000f5580000,0x00000000f5580000,0x00000000fc000000)
  from space 22016K, 100% used [0x00000000fea80000,0x0000000100000000,0x0000000100000000)
  to   space 32768K, 0% used [0x00000000fc000000,0x00000000fc000000,0x00000000fe000000)
 ParOldGen       total 198144K, used 54182K [0x00000000e0000000, 0x00000000ec180000, 0x00000000f5580000)
  object space 198144K, 27% used [0x00000000e0000000,0x00000000e34e9938,0x00000000ec180000)
 Metaspace       used 64953K, capacity 69212K, committed 69248K, reserved 1107968K
  class space    used 9052K, capacity 10109K, committed 10112K, reserved 1048576K
}
Event: 27.116 GC heap before
{Heap before GC invocations=16 (full 3):
 PSYoungGen      total 131072K, used 131072K [0x00000000f5580000, 0x0000000100000000, 0x0000000100000000)
  eden space 109056K, 100% used [0x00000000f5580000,0x00000000fc000000,0x00000000fc000000)
  from space 22016K, 100% used [0x00000000fea80000,0x0000000100000000,0x0000000100000000)
  to   space 32768K, 0% used [0x00000000fc000000,0x00000000fc000000,0x00000000fe000000)
 ParOldGen       total 198144K, used 54182K [0x00000000e0000000, 0x00000000ec180000, 0x00000000f5580000)
  object space 198144K, 27% used [0x00000000e0000000,0x00000000e34e9938,0x00000000ec180000)
 Metaspace       used 67061K, capacity 71778K, committed 71936K, reserved 1110016K
  class space    used 9381K, capacity 10446K, committed 10496K, reserved 1048576K
Event: 27.169 GC heap after
Heap after GC invocations=16 (full 3):
 PSYoungGen      total 141824K, used 8657K [0x00000000f5580000, 0x0000000100000000, 0x0000000100000000)
  eden space 109056K, 0% used [0x00000000f5580000,0x00000000f5580000,0x00000000fc000000)
  from space 32768K, 26% used [0x00000000fc000000,0x00000000fc874430,0x00000000fe000000)
  to   space 32256K, 0% used [0x00000000fe080000,0x00000000fe080000,0x0000000100000000)
 ParOldGen       total 198144K, used 75864K [0x00000000e0000000, 0x00000000ec180000, 0x00000000f5580000)
  object space 198144K, 38% used [0x00000000e0000000,0x00000000e4a162f0,0x00000000ec180000)
 Metaspace       used 67061K, capacity 71778K, committed 71936K, reserved 1110016K
  class space    used 9381K, capacity 10446K, committed 10496K, reserved 1048576K
}
Event: 29.735 GC heap before
{Heap before GC invocations=17 (full 3):
 PSYoungGen      total 141824K, used 117713K [0x00000000f5580000, 0x0000000100000000, 0x0000000100000000)
  eden space 109056K, 100% used [0x00000000f5580000,0x00000000fc000000,0x00000000fc000000)
  from space 32768K, 26% used [0x00000000fc000000,0x00000000fc874430,0x00000000fe000000)
  to   space 32256K, 0% used [0x00000000fe080000,0x00000000fe080000,0x0000000100000000)
 ParOldGen       total 198144K, used 75864K [0x00000000e0000000, 0x00000000ec180000, 0x00000000f5580000)
  object space 198144K, 38% used [0x00000000e0000000,0x00000000e4a162f0,0x00000000ec180000)
 Metaspace       used 69388K, capacity 74466K, committed 74624K, reserved 1114112K
  class space    used 9669K, capacity 10812K, committed 10880K, reserved 1048576K
Event: 29.765 GC heap after
Heap after GC invocations=17 (full 3):
 PSYoungGen      total 138240K, used 14222K [0x00000000f5580000, 0x00000000ffc80000, 0x0000000100000000)
  eden space 109568K, 0% used [0x00000000f5580000,0x00000000f5580000,0x00000000fc080000)
  from space 28672K, 49% used [0x00000000fe080000,0x00000000fee63928,0x00000000ffc80000)
  to   space 30720K, 0% used [0x00000000fc080000,0x00000000fc080000,0x00000000fde80000)
 ParOldGen       total 198144K, used 75872K [0x00000000e0000000, 0x00000000ec180000, 0x00000000f5580000)
  object space 198144K, 38% used [0x00000000e0000000,0x00000000e4a182f0,0x00000000ec180000)
 Metaspace       used 69388K, capacity 74466K, committed 74624K, reserved 1114112K
  class space    used 9669K, capacity 10812K, committed 10880K, reserved 1048576K
}

