# JRE version: Java(TM) SE Runtime Environment (8.0_241-b07) (build 1.8.0_241-b07)
# Java VM: Java HotSpot(TM) 64-Bit Server VM (25.241-b07 mixed mode windows-amd64 compressed oops)
Heap:
 PSYoungGen      total 116736K, used 30470K [0x00000000f5580000, 0x0000000100000000, 0x0000000100000000)
  eden space 58880K, 51% used [0x00000000f5580000,0x00000000f73418d8,0x00000000f8f00000)
  from space 57856K, 0% used [0x00000000f8f00000,0x00000000f8f00000,0x00000000fc780000)
  to   space 56832K, 0% used [0x00000000fc880000,0x00000000fc880000,0x0000000100000000)
 ParOldGen       total 192000K, used 157272K [0x00000000e0000000, 0x00000000ebb80000, 0x00000000f5580000)
  object space 192000K, 81% used [0x00000000e0000000,0x00000000e9996238,0x00000000ebb80000)
 Metaspace       used 89237K, capacity 95282K, committed 95744K, reserved 1132544K
  class space    used 12093K, capacity 13420K, committed 13568K, reserved 1048576K
GC Heap History (10 events):
Event: 62.304 GC heap before
{Heap before GC invocations=27 (full 3):
 PSYoungGen      total 145920K, used 145913K [0x00000000f5580000, 0x0000000100000000, 0x0000000100000000)
  eden space 117248K, 100% used [0x00000000f5580000,0x00000000fc800000,0x00000000fc800000)
  from space 28672K, 99% used [0x00000000fc800000,0x00000000fe3fe7e0,0x00000000fe400000)
  to   space 28672K, 0% used [0x00000000fe400000,0x00000000fe400000,0x0000000100000000)
 ParOldGen       total 192000K, used 113058K [0x00000000e0000000, 0x00000000ebb80000, 0x00000000f5580000)
  object space 192000K, 58% used [0x00000000e0000000,0x00000000e6e68868,0x00000000ebb80000)
 Metaspace       used 81149K, capacity 86600K, committed 86912K, reserved 1124352K
  class space    used 10856K, capacity 12059K, committed 12160K, reserved 1048576K
Event: 62.356 GC heap after
Heap after GC invocations=27 (full 3):
 PSYoungGen      total 127488K, used 20023K [0x00000000f5580000, 0x0000000100000000, 0x0000000100000000)
  eden space 98816K, 0% used [0x00000000f5580000,0x00000000f5580000,0x00000000fb600000)
  from space 28672K, 69% used [0x00000000fe400000,0x00000000ff78df20,0x0000000100000000)
  to   space 37888K, 0% used [0x00000000fb600000,0x00000000fb600000,0x00000000fdb00000)
 ParOldGen       total 192000K, used 119146K [0x00000000e0000000, 0x00000000ebb80000, 0x00000000f5580000)
  object space 192000K, 62% used [0x00000000e0000000,0x00000000e745a998,0x00000000ebb80000)
 Metaspace       used 81149K, capacity 86600K, committed 86912K, reserved 1124352K
  class space    used 10856K, capacity 12059K, committed 12160K, reserved 1048576K
}
Event: 63.323 GC heap before
{Heap before GC invocations=28 (full 3):
 PSYoungGen      total 127488K, used 118839K [0x00000000f5580000, 0x0000000100000000, 0x0000000100000000)
  eden space 98816K, 100% used [0x00000000f5580000,0x00000000fb600000,0x00000000fb600000)
  from space 28672K, 69% used [0x00000000fe400000,0x00000000ff78df20,0x0000000100000000)
  to   space 37888K, 0% used [0x00000000fb600000,0x00000000fb600000,0x00000000fdb00000)
 ParOldGen       total 192000K, used 119146K [0x00000000e0000000, 0x00000000ebb80000, 0x00000000f5580000)
  object space 192000K, 62% used [0x00000000e0000000,0x00000000e745a998,0x00000000ebb80000)
 Metaspace       used 83944K, capacity 89636K, committed 89856K, reserved 1126400K
  class space    used 11255K, capacity 12509K, committed 12544K, reserved 1048576K
Event: 63.364 GC heap after
Heap after GC invocations=28 (full 3):
 PSYoungGen      total 135168K, used 36118K [0x00000000f5580000, 0x0000000100000000, 0x0000000100000000)
  eden space 98816K, 0% used [0x00000000f5580000,0x00000000f5580000,0x00000000fb600000)
  from space 36352K, 99% used [0x00000000fb600000,0x00000000fd945af0,0x00000000fd980000)
  to   space 39424K, 0% used [0x00000000fd980000,0x00000000fd980000,0x0000000100000000)
 ParOldGen       total 192000K, used 125691K [0x00000000e0000000, 0x00000000ebb80000, 0x00000000f5580000)
  object space 192000K, 65% used [0x00000000e0000000,0x00000000e7abee18,0x00000000ebb80000)
 Metaspace       used 83944K, capacity 89636K, committed 89856K, reserved 1126400K
  class space    used 11255K, capacity 12509K, committed 12544K, reserved 1048576K
}
Event: 64.533 GC heap before
{Heap before GC invocations=29 (full 3):
 PSYoungGen      total 135168K, used 134934K [0x00000000f5580000, 0x0000000100000000, 0x0000000100000000)
  eden space 98816K, 100% used [0x00000000f5580000,0x00000000fb600000,0x00000000fb600000)
  from space 36352K, 99% used [0x00000000fb600000,0x00000000fd945af0,0x00000000fd980000)
  to   space 39424K, 0% used [0x00000000fd980000,0x00000000fd980000,0x0000000100000000)
 ParOldGen       total 192000K, used 125691K [0x00000000e0000000, 0x00000000ebb80000, 0x00000000f5580000)
  object space 192000K, 65% used [0x00000000e0000000,0x00000000e7abee18,0x00000000ebb80000)
 Metaspace       used 88030K, capacity 93926K, committed 94208K, reserved 1130496K
  class space    used 11955K, capacity 13270K, committed 13312K, reserved 1048576K
Event: 64.624 GC heap after
Heap after GC invocations=29 (full 3):
 PSYoungGen      total 98304K, used 39393K [0x00000000f5580000, 0x0000000100000000, 0x0000000100000000)
  eden space 58880K, 0% used [0x00000000f5580000,0x00000000f5580000,0x00000000f8f00000)
  from space 39424K, 99% used [0x00000000fd980000,0x00000000ffff86d8,0x0000000100000000)
  to   space 57856K, 0% used [0x00000000f8f00000,0x00000000f8f00000,0x00000000fc780000)
 ParOldGen       total 192000K, used 155762K [0x00000000e0000000, 0x00000000ebb80000, 0x00000000f5580000)
  object space 192000K, 81% used [0x00000000e0000000,0x00000000e981ca80,0x00000000ebb80000)
 Metaspace       used 88030K, capacity 93926K, committed 94208K, reserved 1130496K
  class space    used 11955K, capacity 13270K, committed 13312K, reserved 1048576K
}
Event: 65.319 GC heap before
{Heap before GC invocations=30 (full 3):
 PSYoungGen      total 98304K, used 98273K [0x00000000f5580000, 0x0000000100000000, 0x0000000100000000)
  eden space 58880K, 100% used [0x00000000f5580000,0x00000000f8f00000,0x00000000f8f00000)
  from space 39424K, 99% used [0x00000000fd980000,0x00000000ffff86d8,0x0000000100000000)
  to   space 57856K, 0% used [0x00000000f8f00000,0x00000000f8f00000,0x00000000fc780000)
 ParOldGen       total 192000K, used 155762K [0x00000000e0000000, 0x00000000ebb80000, 0x00000000f5580000)
  object space 192000K, 81% used [0x00000000e0000000,0x00000000e981ca80,0x00000000ebb80000)
 Metaspace       used 89300K, capacity 95536K, committed 95744K, reserved 1132544K
  class space    used 12132K, capacity 13493K, committed 13568K, reserved 1048576K
Event: 65.419 GC heap after
Heap after GC invocations=30 (full 3):
 PSYoungGen      total 116736K, used 16796K [0x00000000f5580000, 0x0000000100000000, 0x0000000100000000)
  eden space 58880K, 0% used [0x00000000f5580000,0x00000000f5580000,0x00000000f8f00000)
  from space 57856K, 29% used [0x00000000f8f00000,0x00000000f9f67078,0x00000000fc780000)
  to   space 56832K, 0% used [0x00000000fc880000,0x00000000fc880000,0x0000000100000000)
 ParOldGen       total 192000K, used 187867K [0x00000000e0000000, 0x00000000ebb80000, 0x00000000f5580000)
  object space 192000K, 97% used [0x00000000e0000000,0x00000000eb776c70,0x00000000ebb80000)
 Metaspace       used 89300K, capacity 95536K, committed 95744K, reserved 1132544K
  class space    used 12132K, capacity 13493K, committed 13568K, reserved 1048576K
}
Event: 65.419 GC heap before
{Heap before GC invocations=31 (full 4):
 PSYoungGen      total 116736K, used 16796K [0x00000000f5580000, 0x0000000100000000, 0x0000000100000000)
  eden space 58880K, 0% used [0x00000000f5580000,0x00000000f5580000,0x00000000f8f00000)
  from space 57856K, 29% used [0x00000000f8f00000,0x00000000f9f67078,0x00000000fc780000)
  to   space 56832K, 0% used [0x00000000fc880000,0x00000000fc880000,0x0000000100000000)
 ParOldGen       total 192000K, used 187867K [0x00000000e0000000, 0x00000000ebb80000, 0x00000000f5580000)
  object space 192000K, 97% used [0x00000000e0000000,0x00000000eb776c70,0x00000000ebb80000)
 Metaspace       used 89300K, capacity 95536K, committed 95744K, reserved 1132544K
  class space    used 12132K, capacity 13493K, committed 13568K, reserved 1048576K
Event: 66.307 GC heap after
Heap after GC invocations=31 (full 4):
 PSYoungGen      total 116736K, used 0K [0x00000000f5580000, 0x0000000100000000, 0x0000000100000000)
  eden space 58880K, 0% used [0x00000000f5580000,0x00000000f5580000,0x00000000f8f00000)
  from space 57856K, 0% used [0x00000000f8f00000,0x00000000f8f00000,0x00000000fc780000)
  to   space 56832K, 0% used [0x00000000fc880000,0x00000000fc880000,0x0000000100000000)
 ParOldGen       total 192000K, used 157272K [0x00000000e0000000, 0x00000000ebb80000, 0x00000000f5580000)
  object space 192000K, 81% used [0x00000000e0000000,0x00000000e9996238,0x00000000ebb80000)
 Metaspace       used 89164K, capacity 95188K, committed 95744K, reserved 1132544K
  class space    used 12086K, capacity 13413K, committed 13568K, reserved 1048576K
}

